# JRE version: OpenJDK Runtime Environment Temurin-17.0.13+11 (17.0.13+11) (build 17.0.13+11)
# Java VM: OpenJDK 64-Bit Server VM Temurin-17.0.13+11 (17.0.13+11, mixed mode, tiered, compressed oops, compressed class ptrs, parallel gc, windows-amd64)
GC Precious Log:
 CPUs: 16 total, 16 available
 Memory: 15788M
 Large Page Support: Disabled
 NUMA Support: Disabled
 Compressed Oops: Enabled (32-bit)
 Alignments: Space 512K, Generation 512K, Heap 2M
 Heap Min Capacity: 100M
 Heap Initial Capacity: 100M
 Heap Max Capacity: 1G
 Pre-touch: Disabled
 Parallel Workers: 13
Heap:
 PSYoungGen      total 20992K, used 9330K [0x00000000eab00000, 0x00000000ec180000, 0x0000000100000000)
  eden space 18944K, 41% used [0x00000000eab00000,0x00000000eb2a4a30,0x00000000ebd80000)
  from space 2048K, 73% used [0x00000000ebf80000,0x00000000ec0f8000,0x00000000ec180000)
  to   space 2048K, 0% used [0x00000000ebd80000,0x00000000ebd80000,0x00000000ebf80000)
 ParOldGen       total 68608K, used 61552K [0x00000000c0000000, 0x00000000c4300000, 0x00000000eab00000)
  object space 68608K, 89% used [0x00000000c0000000,0x00000000c3c1c0e0,0x00000000c4300000)
 Metaspace       used 79835K, committed 81024K, reserved 1179648K
  class space    used 8190K, committed 8704K, reserved 1048576K
GC Heap History (20 events):
Event: 72.292 GC heap before
{Heap before GC invocations=54 (full 3):
 PSYoungGen      total 19968K, used 19615K [0x00000000eab00000, 0x00000000ec080000, 0x0000000100000000)
  eden space 18944K, 99% used [0x00000000eab00000,0x00000000ebd7ffd8,0x00000000ebd80000)
  from space 1024K, 65% used [0x00000000ebf80000,0x00000000ec028000,0x00000000ec080000)
  to   space 1024K, 0% used [0x00000000ebe80000,0x00000000ebe80000,0x00000000ebf80000)
 ParOldGen       total 68608K, used 57350K [0x00000000c0000000, 0x00000000c4300000, 0x00000000eab00000)
  object space 68608K, 83% used [0x00000000c0000000,0x00000000c3801910,0x00000000c4300000)
 Metaspace       used 77339K, committed 78592K, reserved 1179648K
  class space    used 7953K, committed 8512K, reserved 1048576K
}
Event: 72.293 GC heap after
{Heap after GC invocations=54 (full 3):
 PSYoungGen      total 19456K, used 352K [0x00000000eab00000, 0x00000000ec000000, 0x0000000100000000)
  eden space 18944K, 0% used [0x00000000eab00000,0x00000000eab00000,0x00000000ebd80000)
  from space 512K, 68% used [0x00000000ebe80000,0x00000000ebed8000,0x00000000ebf00000)
  to   space 1024K, 0% used [0x00000000ebf00000,0x00000000ebf00000,0x00000000ec000000)
 ParOldGen       total 68608K, used 57810K [0x00000000c0000000, 0x00000000c4300000, 0x00000000eab00000)
  object space 68608K, 84% used [0x00000000c0000000,0x00000000c3874b00,0x00000000c4300000)
 Metaspace       used 77339K, committed 78592K, reserved 1179648K
  class space    used 7953K, committed 8512K, reserved 1048576K
}
Event: 73.699 GC heap before
{Heap before GC invocations=55 (full 3):
 PSYoungGen      total 19456K, used 19294K [0x00000000eab00000, 0x00000000ec000000, 0x0000000100000000)
  eden space 18944K, 99% used [0x00000000eab00000,0x00000000ebd7fa20,0x00000000ebd80000)
  from space 512K, 68% used [0x00000000ebe80000,0x00000000ebed8000,0x00000000ebf00000)
  to   space 1024K, 0% used [0x00000000ebf00000,0x00000000ebf00000,0x00000000ec000000)
 ParOldGen       total 68608K, used 57810K [0x00000000c0000000, 0x00000000c4300000, 0x00000000eab00000)
  object space 68608K, 84% used [0x00000000c0000000,0x00000000c3874b00,0x00000000c4300000)
 Metaspace       used 77424K, committed 78720K, reserved 1179648K
  class space    used 7953K, committed 8512K, reserved 1048576K
}
Event: 73.699 GC heap after
{Heap after GC invocations=55 (full 3):
 PSYoungGen      total 19456K, used 448K [0x00000000eab00000, 0x00000000ebf80000, 0x0000000100000000)
  eden space 18944K, 0% used [0x00000000eab00000,0x00000000eab00000,0x00000000ebd80000)
  from space 512K, 87% used [0x00000000ebf00000,0x00000000ebf70010,0x00000000ebf80000)
  to   space 512K, 0% used [0x00000000ebe80000,0x00000000ebe80000,0x00000000ebf00000)
 ParOldGen       total 68608K, used 57906K [0x00000000c0000000, 0x00000000c4300000, 0x00000000eab00000)
  object space 68608K, 84% used [0x00000000c0000000,0x00000000c388cb00,0x00000000c4300000)
 Metaspace       used 77424K, committed 78720K, reserved 1179648K
  class space    used 7953K, committed 8512K, reserved 1048576K
}
Event: 78.496 GC heap before
{Heap before GC invocations=56 (full 3):
 PSYoungGen      total 19456K, used 19392K [0x00000000eab00000, 0x00000000ebf80000, 0x0000000100000000)
  eden space 18944K, 100% used [0x00000000eab00000,0x00000000ebd80000,0x00000000ebd80000)
  from space 512K, 87% used [0x00000000ebf00000,0x00000000ebf70010,0x00000000ebf80000)
  to   space 512K, 0% used [0x00000000ebe80000,0x00000000ebe80000,0x00000000ebf00000)
 ParOldGen       total 68608K, used 57906K [0x00000000c0000000, 0x00000000c4300000, 0x00000000eab00000)
  object space 68608K, 84% used [0x00000000c0000000,0x00000000c388cb00,0x00000000c4300000)
 Metaspace       used 77968K, committed 79296K, reserved 1179648K
  class space    used 8002K, committed 8576K, reserved 1048576K
}
Event: 78.497 GC heap after
{Heap after GC invocations=56 (full 3):
 PSYoungGen      total 19456K, used 480K [0x00000000eab00000, 0x00000000ebf80000, 0x0000000100000000)
  eden space 18944K, 0% used [0x00000000eab00000,0x00000000eab00000,0x00000000ebd80000)
  from space 512K, 93% used [0x00000000ebe80000,0x00000000ebef8020,0x00000000ebf00000)
  to   space 512K, 0% used [0x00000000ebf00000,0x00000000ebf00000,0x00000000ebf80000)
 ParOldGen       total 68608K, used 57994K [0x00000000c0000000, 0x00000000c4300000, 0x00000000eab00000)
  object space 68608K, 84% used [0x00000000c0000000,0x00000000c38a2b00,0x00000000c4300000)
 Metaspace       used 77968K, committed 79296K, reserved 1179648K
  class space    used 8002K, committed 8576K, reserved 1048576K
}
Event: 84.761 GC heap before
{Heap before GC invocations=57 (full 3):
 PSYoungGen      total 19456K, used 19424K [0x00000000eab00000, 0x00000000ebf80000, 0x0000000100000000)
  eden space 18944K, 100% used [0x00000000eab00000,0x00000000ebd80000,0x00000000ebd80000)
  from space 512K, 93% used [0x00000000ebe80000,0x00000000ebef8020,0x00000000ebf00000)
  to   space 512K, 0% used [0x00000000ebf00000,0x00000000ebf00000,0x00000000ebf80000)
 ParOldGen       total 68608K, used 57994K [0x00000000c0000000, 0x00000000c4300000, 0x00000000eab00000)
  object space 68608K, 84% used [0x00000000c0000000,0x00000000c38a2b00,0x00000000c4300000)
 Metaspace       used 78053K, committed 79360K, reserved 1179648K
  class space    used 8006K, committed 8576K, reserved 1048576K
}
Event: 84.762 GC heap after
{Heap after GC invocations=57 (full 3):
 PSYoungGen      total 19456K, used 480K [0x00000000eab00000, 0x00000000ebf80000, 0x0000000100000000)
  eden space 18944K, 0% used [0x00000000eab00000,0x00000000eab00000,0x00000000ebd80000)
  from space 512K, 93% used [0x00000000ebf00000,0x00000000ebf78020,0x00000000ebf80000)
  to   space 1024K, 0% used [0x00000000ebd80000,0x00000000ebd80000,0x00000000ebe80000)
 ParOldGen       total 68608K, used 58154K [0x00000000c0000000, 0x00000000c4300000, 0x00000000eab00000)
  object space 68608K, 84% used [0x00000000c0000000,0x00000000c38cab00,0x00000000c4300000)
 Metaspace       used 78053K, committed 79360K, reserved 1179648K
  class space    used 8006K, committed 8576K, reserved 1048576K
}
Event: 85.818 GC heap before
{Heap before GC invocations=58 (full 3):
 PSYoungGen      total 19456K, used 19424K [0x00000000eab00000, 0x00000000ebf80000, 0x0000000100000000)
  eden space 18944K, 100% used [0x00000000eab00000,0x00000000ebd80000,0x00000000ebd80000)
  from space 512K, 93% used [0x00000000ebf00000,0x00000000ebf78020,0x00000000ebf80000)
  to   space 1024K, 0% used [0x00000000ebd80000,0x00000000ebd80000,0x00000000ebe80000)
 ParOldGen       total 68608K, used 58154K [0x00000000c0000000, 0x00000000c4300000, 0x00000000eab00000)
  object space 68608K, 84% used [0x00000000c0000000,0x00000000c38cab00,0x00000000c4300000)
 Metaspace       used 78136K, committed 79424K, reserved 1179648K
  class space    used 8015K, committed 8576K, reserved 1048576K
}
Event: 85.820 GC heap after
{Heap after GC invocations=58 (full 3):
 PSYoungGen      total 19968K, used 480K [0x00000000eab00000, 0x00000000ebf80000, 0x0000000100000000)
  eden space 18944K, 0% used [0x00000000eab00000,0x00000000eab00000,0x00000000ebd80000)
  from space 1024K, 46% used [0x00000000ebd80000,0x00000000ebdf8020,0x00000000ebe80000)
  to   space 1024K, 0% used [0x00000000ebe80000,0x00000000ebe80000,0x00000000ebf80000)
 ParOldGen       total 68608K, used 58250K [0x00000000c0000000, 0x00000000c4300000, 0x00000000eab00000)
  object space 68608K, 84% used [0x00000000c0000000,0x00000000c38e2b00,0x00000000c4300000)
 Metaspace       used 78136K, committed 79424K, reserved 1179648K
  class space    used 8015K, committed 8576K, reserved 1048576K
}
Event: 87.252 GC heap before
{Heap before GC invocations=59 (full 3):
 PSYoungGen      total 19968K, used 19424K [0x00000000eab00000, 0x00000000ebf80000, 0x0000000100000000)
  eden space 18944K, 100% used [0x00000000eab00000,0x00000000ebd80000,0x00000000ebd80000)
  from space 1024K, 46% used [0x00000000ebd80000,0x00000000ebdf8020,0x00000000ebe80000)
  to   space 1024K, 0% used [0x00000000ebe80000,0x00000000ebe80000,0x00000000ebf80000)
 ParOldGen       total 68608K, used 58250K [0x00000000c0000000, 0x00000000c4300000, 0x00000000eab00000)
  object space 68608K, 84% used [0x00000000c0000000,0x00000000c38e2b00,0x00000000c4300000)
 Metaspace       used 78255K, committed 79552K, reserved 1179648K
  class space    used 8018K, committed 8576K, reserved 1048576K
}
Event: 87.252 GC heap after
{Heap after GC invocations=59 (full 3):
 PSYoungGen      total 19968K, used 512K [0x00000000eab00000, 0x00000000ebf80000, 0x0000000100000000)
  eden space 18944K, 0% used [0x00000000eab00000,0x00000000eab00000,0x00000000ebd80000)
  from space 1024K, 50% used [0x00000000ebe80000,0x00000000ebf00020,0x00000000ebf80000)
  to   space 1024K, 0% used [0x00000000ebd80000,0x00000000ebd80000,0x00000000ebe80000)
 ParOldGen       total 68608K, used 58322K [0x00000000c0000000, 0x00000000c4300000, 0x00000000eab00000)
  object space 68608K, 85% used [0x00000000c0000000,0x00000000c38f4b00,0x00000000c4300000)
 Metaspace       used 78255K, committed 79552K, reserved 1179648K
  class space    used 8018K, committed 8576K, reserved 1048576K
}
Event: 87.528 GC heap before
{Heap before GC invocations=60 (full 3):
 PSYoungGen      total 19968K, used 19456K [0x00000000eab00000, 0x00000000ebf80000, 0x0000000100000000)
  eden space 18944K, 100% used [0x00000000eab00000,0x00000000ebd80000,0x00000000ebd80000)
  from space 1024K, 50% used [0x00000000ebe80000,0x00000000ebf00020,0x00000000ebf80000)
  to   space 1024K, 0% used [0x00000000ebd80000,0x00000000ebd80000,0x00000000ebe80000)
 ParOldGen       total 68608K, used 58322K [0x00000000c0000000, 0x00000000c4300000, 0x00000000eab00000)
  object space 68608K, 85% used [0x00000000c0000000,0x00000000c38f4b00,0x00000000c4300000)
 Metaspace       used 78298K, committed 79552K, reserved 1179648K
  class space    used 8018K, committed 8576K, reserved 1048576K
}
Event: 87.529 GC heap after
{Heap after GC invocations=60 (full 3):
 PSYoungGen      total 19968K, used 992K [0x00000000eab00000, 0x00000000ec180000, 0x0000000100000000)
  eden space 18944K, 0% used [0x00000000eab00000,0x00000000eab00000,0x00000000ebd80000)
  from space 1024K, 96% used [0x00000000ebd80000,0x00000000ebe781c0,0x00000000ebe80000)
  to   space 2048K, 0% used [0x00000000ebf80000,0x00000000ebf80000,0x00000000ec180000)
 ParOldGen       total 68608K, used 58801K [0x00000000c0000000, 0x00000000c4300000, 0x00000000eab00000)
  object space 68608K, 85% used [0x00000000c0000000,0x00000000c396c4d0,0x00000000c4300000)
 Metaspace       used 78298K, committed 79552K, reserved 1179648K
  class space    used 8018K, committed 8576K, reserved 1048576K
}
Event: 87.863 GC heap before
{Heap before GC invocations=61 (full 3):
 PSYoungGen      total 19968K, used 19936K [0x00000000eab00000, 0x00000000ec180000, 0x0000000100000000)
  eden space 18944K, 100% used [0x00000000eab00000,0x00000000ebd80000,0x00000000ebd80000)
  from space 1024K, 96% used [0x00000000ebd80000,0x00000000ebe781c0,0x00000000ebe80000)
  to   space 2048K, 0% used [0x00000000ebf80000,0x00000000ebf80000,0x00000000ec180000)
 ParOldGen       total 68608K, used 58801K [0x00000000c0000000, 0x00000000c4300000, 0x00000000eab00000)
  object space 68608K, 85% used [0x00000000c0000000,0x00000000c396c4d0,0x00000000c4300000)
 Metaspace       used 78692K, committed 79936K, reserved 1179648K
  class space    used 8088K, committed 8640K, reserved 1048576K
}
Event: 87.866 GC heap after
{Heap after GC invocations=61 (full 3):
 PSYoungGen      total 19456K, used 496K [0x00000000eab00000, 0x00000000ec000000, 0x0000000100000000)
  eden space 18944K, 0% used [0x00000000eab00000,0x00000000eab00000,0x00000000ebd80000)
  from space 512K, 96% used [0x00000000ebf80000,0x00000000ebffc190,0x00000000ec000000)
  to   space 1024K, 0% used [0x00000000ebe00000,0x00000000ebe00000,0x00000000ebf00000)
 ParOldGen       total 68608K, used 59810K [0x00000000c0000000, 0x00000000c4300000, 0x00000000eab00000)
  object space 68608K, 87% used [0x00000000c0000000,0x00000000c3a68850,0x00000000c4300000)
 Metaspace       used 78692K, committed 79936K, reserved 1179648K
  class space    used 8088K, committed 8640K, reserved 1048576K
}
Event: 88.169 GC heap before
{Heap before GC invocations=62 (full 3):
 PSYoungGen      total 19456K, used 19440K [0x00000000eab00000, 0x00000000ec000000, 0x0000000100000000)
  eden space 18944K, 100% used [0x00000000eab00000,0x00000000ebd80000,0x00000000ebd80000)
  from space 512K, 96% used [0x00000000ebf80000,0x00000000ebffc190,0x00000000ec000000)
  to   space 1024K, 0% used [0x00000000ebe00000,0x00000000ebe00000,0x00000000ebf00000)
 ParOldGen       total 68608K, used 59810K [0x00000000c0000000, 0x00000000c4300000, 0x00000000eab00000)
  object space 68608K, 87% used [0x00000000c0000000,0x00000000c3a68850,0x00000000c4300000)
 Metaspace       used 79460K, committed 80704K, reserved 1179648K
  class space    used 8150K, committed 8704K, reserved 1048576K
}
Event: 88.171 GC heap after
{Heap after GC invocations=62 (full 3):
 PSYoungGen      total 19968K, used 992K [0x00000000eab00000, 0x00000000ec180000, 0x0000000100000000)
  eden space 18944K, 0% used [0x00000000eab00000,0x00000000eab00000,0x00000000ebd80000)
  from space 1024K, 96% used [0x00000000ebe00000,0x00000000ebef8330,0x00000000ebf00000)
  to   space 2048K, 0% used [0x00000000ebf80000,0x00000000ebf80000,0x00000000ec180000)
 ParOldGen       total 68608K, used 60549K [0x00000000c0000000, 0x00000000c4300000, 0x00000000eab00000)
  object space 68608K, 88% used [0x00000000c0000000,0x00000000c3b21490,0x00000000c4300000)
 Metaspace       used 79460K, committed 80704K, reserved 1179648K
  class space    used 8150K, committed 8704K, reserved 1048576K
}
Event: 88.468 GC heap before
{Heap before GC invocations=63 (full 3):
 PSYoungGen      total 19968K, used 19936K [0x00000000eab00000, 0x00000000ec180000, 0x0000000100000000)
  eden space 18944K, 100% used [0x00000000eab00000,0x00000000ebd80000,0x00000000ebd80000)
  from space 1024K, 96% used [0x00000000ebe00000,0x00000000ebef8330,0x00000000ebf00000)
  to   space 2048K, 0% used [0x00000000ebf80000,0x00000000ebf80000,0x00000000ec180000)
 ParOldGen       total 68608K, used 60549K [0x00000000c0000000, 0x00000000c4300000, 0x00000000eab00000)
  object space 68608K, 88% used [0x00000000c0000000,0x00000000c3b21490,0x00000000c4300000)
 Metaspace       used 79703K, committed 80896K, reserved 1179648K
  class space    used 8184K, committed 8704K, reserved 1048576K
}
Event: 88.470 GC heap after
{Heap after GC invocations=63 (full 3):
 PSYoungGen      total 20992K, used 1504K [0x00000000eab00000, 0x00000000ec180000, 0x0000000100000000)
  eden space 18944K, 0% used [0x00000000eab00000,0x00000000eab00000,0x00000000ebd80000)
  from space 2048K, 73% used [0x00000000ebf80000,0x00000000ec0f8000,0x00000000ec180000)
  to   space 2048K, 0% used [0x00000000ebd80000,0x00000000ebd80000,0x00000000ebf80000)
 ParOldGen       total 68608K, used 61552K [0x00000000c0000000, 0x00000000c4300000, 0x00000000eab00000)
  object space 68608K, 89% used [0x00000000c0000000,0x00000000c3c1c0e0,0x00000000c4300000)
 Metaspace       used 79703K, committed 80896K, reserved 1179648K
  class space    used 8184K, committed 8704K, reserved 1048576K
}

